<?xml version="1.0" encoding="UTF-8"?>
<testng-results ignored="0" total="2" passed="2" failed="0" skipped="0">
  <reporter-output>
  </reporter-output>
  <suite started-at="2024-11-05T19:24:52 BRT" name="Default Suite" finished-at="2024-11-05T19:25:15 BRT" duration-ms="22780">
    <groups>
    </groups>
    <test started-at="2024-11-05T19:24:52 BRT" name="automationBase2" finished-at="2024-11-05T19:25:15 BRT" duration-ms="22780">
      <class name="com.seleniumtest.tests.LoginTest">
        <test-method is-config="true" signature="setUp()[pri:0, instance:com.seleniumtest.tests.LoginTest@345f69f3]" started-at="2024-11-05T19:24:52 BRT" name="setUp" finished-at="2024-11-05T19:24:57 BRT" duration-ms="5423" status="PASS">
          <reporter-output>
          </reporter-output>
        </test-method> <!-- setUp -->
        <test-method signature="testSuccessfulLogin()[pri:0, instance:com.seleniumtest.tests.LoginTest@345f69f3]" started-at="2024-11-05T19:24:57 BRT" name="testSuccessfulLogin" finished-at="2024-11-05T19:25:02 BRT" duration-ms="5181" status="PASS">
          <reporter-output>
          </reporter-output>
        </test-method> <!-- testSuccessfulLogin -->
        <test-method is-config="true" signature="tearDown()[pri:0, instance:com.seleniumtest.tests.LoginTest@345f69f3]" started-at="2024-11-05T19:25:02 BRT" name="tearDown" finished-at="2024-11-05T19:25:03 BRT" duration-ms="122" status="PASS">
          <reporter-output>
          </reporter-output>
        </test-method> <!-- tearDown -->
      </class> <!-- com.seleniumtest.tests.LoginTest -->
      <class name="com.seleniumtest.tests.CreateTaskTest">
        <test-method is-config="true" signature="setUp()[pri:0, instance:com.seleniumtest.tests.CreateTaskTest@2421cc4]" started-at="2024-11-05T19:25:03 BRT" name="setUp" finished-at="2024-11-05T19:25:08 BRT" duration-ms="5184" status="PASS">
          <reporter-output>
          </reporter-output>
        </test-method> <!-- setUp -->
        <test-method signature="testCreateTask()[pri:0, instance:com.seleniumtest.tests.CreateTaskTest@2421cc4]" started-at="2024-11-05T19:25:08 BRT" name="testCreateTask" finished-at="2024-11-05T19:25:15 BRT" duration-ms="6699" status="PASS">
          <reporter-output>
          </reporter-output>
        </test-method> <!-- testCreateTask -->
        <test-method is-config="true" signature="tearDown()[pri:0, instance:com.seleniumtest.tests.CreateTaskTest@2421cc4]" started-at="2024-11-05T19:25:15 BRT" name="tearDown" finished-at="2024-11-05T19:25:15 BRT" duration-ms="137" status="PASS">
          <reporter-output>
          </reporter-output>
        </test-method> <!-- tearDown -->
      </class> <!-- com.seleniumtest.tests.CreateTaskTest -->
    </test> <!-- automationBase2 -->
  </suite> <!-- Default Suite -->
</testng-results>
